ERROR:main:Exception on / [GET]
Traceback (most recent call last):
  File "E:\anaconda3\envs\board\lib\site-packages\flask\app.py", line 1473, in wsgi_app
    response = self.full_dispatch_request()
  File "E:\anaconda3\envs\board\lib\site-packages\flask\app.py", line 882, in full_dispatch_request
    rv = self.handle_user_exception(e)
  File "E:\anaconda3\envs\board\lib\site-packages\flask\app.py", line 880, in full_dispatch_request
    rv = self.dispatch_request()
  File "E:\anaconda3\envs\board\lib\site-packages\flask\app.py", line 865, in dispatch_request
    return self.ensure_sync(self.view_functions[rule.endpoint])(**view_args)  # type: ignore[no-any-return]
  File "E:\ µ—È “œÓƒø\ µ—È “«∞∂À\¥¨\2_boat__up9001+6001 - µ—È “¥Û∆¡\boat900_600_screen_\main.py", line 34, in index
    return render_template('index.html')
  File "E:\anaconda3\envs\board\lib\site-packages\flask\templating.py", line 149, in render_template
    template = app.jinja_env.get_or_select_template(template_name_or_list)
  File "E:\anaconda3\envs\board\lib\site-packages\jinja2\environment.py", line 1087, in get_or_select_template
    return self.get_template(template_name_or_list, parent, globals)
  File "E:\anaconda3\envs\board\lib\site-packages\jinja2\environment.py", line 1016, in get_template
    return self._load_template(name, globals)
  File "E:\anaconda3\envs\board\lib\site-packages\jinja2\environment.py", line 975, in _load_template
    template = self.loader.load(self, name, self.make_globals(globals))
  File "E:\anaconda3\envs\board\lib\site-packages\jinja2\loaders.py", line 126, in load
    source, filename, uptodate = self.get_source(environment, name)
  File "E:\anaconda3\envs\board\lib\site-packages\flask\templating.py", line 65, in get_source
    return self._get_source_fast(environment, template)
  File "E:\anaconda3\envs\board\lib\site-packages\flask\templating.py", line 99, in _get_source_fast
    raise TemplateNotFound(template)
jinja2.exceptions.TemplateNotFound: index.html
ERROR:main:Exception on / [GET]
Traceback (most recent call last):
  File "E:\anaconda3\envs\board\lib\site-packages\flask\app.py", line 1473, in wsgi_app
    response = self.full_dispatch_request()
  File "E:\anaconda3\envs\board\lib\site-packages\flask\app.py", line 882, in full_dispatch_request
    rv = self.handle_user_exception(e)
  File "E:\anaconda3\envs\board\lib\site-packages\flask\app.py", line 880, in full_dispatch_request
    rv = self.dispatch_request()
  File "E:\anaconda3\envs\board\lib\site-packages\flask\app.py", line 865, in dispatch_request
    return self.ensure_sync(self.view_functions[rule.endpoint])(**view_args)  # type: ignore[no-any-return]
  File "E:\ µ—È “œÓƒø\ µ—È “«∞∂À\¥¨\2_boat__up9001+6001 - µ—È “¥Û∆¡\boat900_600_screen_\main.py", line 34, in index
    return render_template('../index.html')
  File "E:\anaconda3\envs\board\lib\site-packages\flask\templating.py", line 149, in render_template
    template = app.jinja_env.get_or_select_template(template_name_or_list)
  File "E:\anaconda3\envs\board\lib\site-packages\jinja2\environment.py", line 1087, in get_or_select_template
    return self.get_template(template_name_or_list, parent, globals)
  File "E:\anaconda3\envs\board\lib\site-packages\jinja2\environment.py", line 1016, in get_template
    return self._load_template(name, globals)
  File "E:\anaconda3\envs\board\lib\site-packages\jinja2\environment.py", line 975, in _load_template
    template = self.loader.load(self, name, self.make_globals(globals))
  File "E:\anaconda3\envs\board\lib\site-packages\jinja2\loaders.py", line 126, in load
    source, filename, uptodate = self.get_source(environment, name)
  File "E:\anaconda3\envs\board\lib\site-packages\flask\templating.py", line 65, in get_source
    return self._get_source_fast(environment, template)
  File "E:\anaconda3\envs\board\lib\site-packages\flask\templating.py", line 99, in _get_source_fast
    raise TemplateNotFound(template)
jinja2.exceptions.TemplateNotFound: ../index.html
ERROR:main:Exception on / [GET]
Traceback (most recent call last):
  File "E:\anaconda3\envs\board\lib\site-packages\flask\app.py", line 1473, in wsgi_app
    response = self.full_dispatch_request()
  File "E:\anaconda3\envs\board\lib\site-packages\flask\app.py", line 882, in full_dispatch_request
    rv = self.handle_user_exception(e)
  File "E:\anaconda3\envs\board\lib\site-packages\flask\app.py", line 880, in full_dispatch_request
    rv = self.dispatch_request()
  File "E:\anaconda3\envs\board\lib\site-packages\flask\app.py", line 865, in dispatch_request
    return self.ensure_sync(self.view_functions[rule.endpoint])(**view_args)  # type: ignore[no-any-return]
  File "E:\ µ—È “œÓƒø\ µ—È “«∞∂À\¥¨\2_boat__up9001+6001 - µ—È “¥Û∆¡\boat900_600_screen_\main.py", line 34, in index
    return render_template('../index.html')
  File "E:\anaconda3\envs\board\lib\site-packages\flask\templating.py", line 149, in render_template
    template = app.jinja_env.get_or_select_template(template_name_or_list)
  File "E:\anaconda3\envs\board\lib\site-packages\jinja2\environment.py", line 1087, in get_or_select_template
    return self.get_template(template_name_or_list, parent, globals)
  File "E:\anaconda3\envs\board\lib\site-packages\jinja2\environment.py", line 1016, in get_template
    return self._load_template(name, globals)
  File "E:\anaconda3\envs\board\lib\site-packages\jinja2\environment.py", line 975, in _load_template
    template = self.loader.load(self, name, self.make_globals(globals))
  File "E:\anaconda3\envs\board\lib\site-packages\jinja2\loaders.py", line 126, in load
    source, filename, uptodate = self.get_source(environment, name)
  File "E:\anaconda3\envs\board\lib\site-packages\flask\templating.py", line 65, in get_source
    return self._get_source_fast(environment, template)
  File "E:\anaconda3\envs\board\lib\site-packages\flask\templating.py", line 99, in _get_source_fast
    raise TemplateNotFound(template)
jinja2.exceptions.TemplateNotFound: ../index.html
ERROR:main:Exception on / [GET]
Traceback (most recent call last):
  File "E:\anaconda3\envs\board\lib\site-packages\flask\app.py", line 1473, in wsgi_app
    response = self.full_dispatch_request()
  File "E:\anaconda3\envs\board\lib\site-packages\flask\app.py", line 882, in full_dispatch_request
    rv = self.handle_user_exception(e)
  File "E:\anaconda3\envs\board\lib\site-packages\flask\app.py", line 880, in full_dispatch_request
    rv = self.dispatch_request()
  File "E:\anaconda3\envs\board\lib\site-packages\flask\app.py", line 865, in dispatch_request
    return self.ensure_sync(self.view_functions[rule.endpoint])(**view_args)  # type: ignore[no-any-return]
  File "E:\ µ—È “œÓƒø\ µ—È “«∞∂À\¥¨\2_boat__up9001+6001 - µ—È “¥Û∆¡\boat900_600_screen_\main.py", line 34, in index
    return render_template('../index.html')
  File "E:\anaconda3\envs\board\lib\site-packages\flask\templating.py", line 149, in render_template
    template = app.jinja_env.get_or_select_template(template_name_or_list)
  File "E:\anaconda3\envs\board\lib\site-packages\jinja2\environment.py", line 1087, in get_or_select_template
    return self.get_template(template_name_or_list, parent, globals)
  File "E:\anaconda3\envs\board\lib\site-packages\jinja2\environment.py", line 1016, in get_template
    return self._load_template(name, globals)
  File "E:\anaconda3\envs\board\lib\site-packages\jinja2\environment.py", line 975, in _load_template
    template = self.loader.load(self, name, self.make_globals(globals))
  File "E:\anaconda3\envs\board\lib\site-packages\jinja2\loaders.py", line 126, in load
    source, filename, uptodate = self.get_source(environment, name)
  File "E:\anaconda3\envs\board\lib\site-packages\flask\templating.py", line 65, in get_source
    return self._get_source_fast(environment, template)
  File "E:\anaconda3\envs\board\lib\site-packages\flask\templating.py", line 99, in _get_source_fast
    raise TemplateNotFound(template)
jinja2.exceptions.TemplateNotFound: ../index.html
ERROR:main:Exception on / [GET]
Traceback (most recent call last):
  File "E:\anaconda3\envs\board\lib\site-packages\flask\app.py", line 1473, in wsgi_app
    response = self.full_dispatch_request()
  File "E:\anaconda3\envs\board\lib\site-packages\flask\app.py", line 882, in full_dispatch_request
    rv = self.handle_user_exception(e)
  File "E:\anaconda3\envs\board\lib\site-packages\flask\app.py", line 880, in full_dispatch_request
    rv = self.dispatch_request()
  File "E:\anaconda3\envs\board\lib\site-packages\flask\app.py", line 865, in dispatch_request
    return self.ensure_sync(self.view_functions[rule.endpoint])(**view_args)  # type: ignore[no-any-return]
  File "E:\ µ—È “œÓƒø\ µ—È “«∞∂À\¥¨\2_boat__up9001+6001 - µ—È “¥Û∆¡\boat900_600_screen_\main.py", line 34, in index
    return render_template('../index.html')
  File "E:\anaconda3\envs\board\lib\site-packages\flask\templating.py", line 149, in render_template
    template = app.jinja_env.get_or_select_template(template_name_or_list)
  File "E:\anaconda3\envs\board\lib\site-packages\jinja2\environment.py", line 1087, in get_or_select_template
    return self.get_template(template_name_or_list, parent, globals)
  File "E:\anaconda3\envs\board\lib\site-packages\jinja2\environment.py", line 1016, in get_template
    return self._load_template(name, globals)
  File "E:\anaconda3\envs\board\lib\site-packages\jinja2\environment.py", line 975, in _load_template
    template = self.loader.load(self, name, self.make_globals(globals))
  File "E:\anaconda3\envs\board\lib\site-packages\jinja2\loaders.py", line 126, in load
    source, filename, uptodate = self.get_source(environment, name)
  File "E:\anaconda3\envs\board\lib\site-packages\flask\templating.py", line 65, in get_source
    return self._get_source_fast(environment, template)
  File "E:\anaconda3\envs\board\lib\site-packages\flask\templating.py", line 99, in _get_source_fast
    raise TemplateNotFound(template)
jinja2.exceptions.TemplateNotFound: ../index.html
ERROR:main:Exception on / [GET]
Traceback (most recent call last):
  File "E:\anaconda3\envs\board\lib\site-packages\flask\app.py", line 1473, in wsgi_app
    response = self.full_dispatch_request()
  File "E:\anaconda3\envs\board\lib\site-packages\flask\app.py", line 882, in full_dispatch_request
    rv = self.handle_user_exception(e)
  File "E:\anaconda3\envs\board\lib\site-packages\flask\app.py", line 880, in full_dispatch_request
    rv = self.dispatch_request()
  File "E:\anaconda3\envs\board\lib\site-packages\flask\app.py", line 865, in dispatch_request
    return self.ensure_sync(self.view_functions[rule.endpoint])(**view_args)  # type: ignore[no-any-return]
  File "E:\ µ—È “œÓƒø\ µ—È “«∞∂À\¥¨\2_boat__up9001+6001 - µ—È “¥Û∆¡\boat900_600_screen_\main.py", line 34, in index
    return render_template('../index.html')
  File "E:\anaconda3\envs\board\lib\site-packages\flask\templating.py", line 149, in render_template
    template = app.jinja_env.get_or_select_template(template_name_or_list)
  File "E:\anaconda3\envs\board\lib\site-packages\jinja2\environment.py", line 1087, in get_or_select_template
    return self.get_template(template_name_or_list, parent, globals)
  File "E:\anaconda3\envs\board\lib\site-packages\jinja2\environment.py", line 1016, in get_template
    return self._load_template(name, globals)
  File "E:\anaconda3\envs\board\lib\site-packages\jinja2\environment.py", line 975, in _load_template
    template = self.loader.load(self, name, self.make_globals(globals))
  File "E:\anaconda3\envs\board\lib\site-packages\jinja2\loaders.py", line 126, in load
    source, filename, uptodate = self.get_source(environment, name)
  File "E:\anaconda3\envs\board\lib\site-packages\flask\templating.py", line 65, in get_source
    return self._get_source_fast(environment, template)
  File "E:\anaconda3\envs\board\lib\site-packages\flask\templating.py", line 99, in _get_source_fast
    raise TemplateNotFound(template)
jinja2.exceptions.TemplateNotFound: ../index.html
ERROR:main:Exception on / [GET]
Traceback (most recent call last):
  File "E:\anaconda3\envs\board\lib\site-packages\flask\app.py", line 1473, in wsgi_app
    response = self.full_dispatch_request()
  File "E:\anaconda3\envs\board\lib\site-packages\flask\app.py", line 882, in full_dispatch_request
    rv = self.handle_user_exception(e)
  File "E:\anaconda3\envs\board\lib\site-packages\flask\app.py", line 880, in full_dispatch_request
    rv = self.dispatch_request()
  File "E:\anaconda3\envs\board\lib\site-packages\flask\app.py", line 865, in dispatch_request
    return self.ensure_sync(self.view_functions[rule.endpoint])(**view_args)  # type: ignore[no-any-return]
  File "E:\ µ—È “œÓƒø\ µ—È “«∞∂À\¥¨\2_boat__up9001+6001 - µ—È “¥Û∆¡\boat900_600_screen_\main.py", line 34, in index
    return render_template('../index.html')
  File "E:\anaconda3\envs\board\lib\site-packages\flask\templating.py", line 149, in render_template
    template = app.jinja_env.get_or_select_template(template_name_or_list)
  File "E:\anaconda3\envs\board\lib\site-packages\jinja2\environment.py", line 1087, in get_or_select_template
    return self.get_template(template_name_or_list, parent, globals)
  File "E:\anaconda3\envs\board\lib\site-packages\jinja2\environment.py", line 1016, in get_template
    return self._load_template(name, globals)
  File "E:\anaconda3\envs\board\lib\site-packages\jinja2\environment.py", line 975, in _load_template
    template = self.loader.load(self, name, self.make_globals(globals))
  File "E:\anaconda3\envs\board\lib\site-packages\jinja2\loaders.py", line 126, in load
    source, filename, uptodate = self.get_source(environment, name)
  File "E:\anaconda3\envs\board\lib\site-packages\flask\templating.py", line 65, in get_source
    return self._get_source_fast(environment, template)
  File "E:\anaconda3\envs\board\lib\site-packages\flask\templating.py", line 99, in _get_source_fast
    raise TemplateNotFound(template)
jinja2.exceptions.TemplateNotFound: ../index.html
ERROR:main:Exception on / [GET]
Traceback (most recent call last):
  File "E:\anaconda3\envs\board\lib\site-packages\flask\app.py", line 1473, in wsgi_app
    response = self.full_dispatch_request()
  File "E:\anaconda3\envs\board\lib\site-packages\flask\app.py", line 882, in full_dispatch_request
    rv = self.handle_user_exception(e)
  File "E:\anaconda3\envs\board\lib\site-packages\flask\app.py", line 880, in full_dispatch_request
    rv = self.dispatch_request()
  File "E:\anaconda3\envs\board\lib\site-packages\flask\app.py", line 865, in dispatch_request
    return self.ensure_sync(self.view_functions[rule.endpoint])(**view_args)  # type: ignore[no-any-return]
  File "E:\ µ—È “œÓƒø\ µ—È “«∞∂À\¥¨\2_boat__up9001+6001 - µ—È “¥Û∆¡\boat900_600_screen_\main.py", line 34, in index
    return render_template('../index.html')
  File "E:\anaconda3\envs\board\lib\site-packages\flask\templating.py", line 149, in render_template
    template = app.jinja_env.get_or_select_template(template_name_or_list)
  File "E:\anaconda3\envs\board\lib\site-packages\jinja2\environment.py", line 1087, in get_or_select_template
    return self.get_template(template_name_or_list, parent, globals)
  File "E:\anaconda3\envs\board\lib\site-packages\jinja2\environment.py", line 1016, in get_template
    return self._load_template(name, globals)
  File "E:\anaconda3\envs\board\lib\site-packages\jinja2\environment.py", line 975, in _load_template
    template = self.loader.load(self, name, self.make_globals(globals))
  File "E:\anaconda3\envs\board\lib\site-packages\jinja2\loaders.py", line 126, in load
    source, filename, uptodate = self.get_source(environment, name)
  File "E:\anaconda3\envs\board\lib\site-packages\flask\templating.py", line 65, in get_source
    return self._get_source_fast(environment, template)
  File "E:\anaconda3\envs\board\lib\site-packages\flask\templating.py", line 99, in _get_source_fast
    raise TemplateNotFound(template)
jinja2.exceptions.TemplateNotFound: ../index.html
ERROR:main:Exception on / [GET]
Traceback (most recent call last):
  File "E:\anaconda3\envs\board\lib\site-packages\flask\app.py", line 1473, in wsgi_app
    response = self.full_dispatch_request()
  File "E:\anaconda3\envs\board\lib\site-packages\flask\app.py", line 882, in full_dispatch_request
    rv = self.handle_user_exception(e)
  File "E:\anaconda3\envs\board\lib\site-packages\flask\app.py", line 880, in full_dispatch_request
    rv = self.dispatch_request()
  File "E:\anaconda3\envs\board\lib\site-packages\flask\app.py", line 865, in dispatch_request
    return self.ensure_sync(self.view_functions[rule.endpoint])(**view_args)  # type: ignore[no-any-return]
  File "E:\ µ—È “œÓƒø\ µ—È “«∞∂À\¥¨\2_boat__up9001+6001 - µ—È “¥Û∆¡\boat900_600_screen_\main.py", line 34, in index
    return render_template('../templates/index.html')
  File "E:\anaconda3\envs\board\lib\site-packages\flask\templating.py", line 149, in render_template
    template = app.jinja_env.get_or_select_template(template_name_or_list)
  File "E:\anaconda3\envs\board\lib\site-packages\jinja2\environment.py", line 1087, in get_or_select_template
    return self.get_template(template_name_or_list, parent, globals)
  File "E:\anaconda3\envs\board\lib\site-packages\jinja2\environment.py", line 1016, in get_template
    return self._load_template(name, globals)
  File "E:\anaconda3\envs\board\lib\site-packages\jinja2\environment.py", line 975, in _load_template
    template = self.loader.load(self, name, self.make_globals(globals))
  File "E:\anaconda3\envs\board\lib\site-packages\jinja2\loaders.py", line 126, in load
    source, filename, uptodate = self.get_source(environment, name)
  File "E:\anaconda3\envs\board\lib\site-packages\flask\templating.py", line 65, in get_source
    return self._get_source_fast(environment, template)
  File "E:\anaconda3\envs\board\lib\site-packages\flask\templating.py", line 99, in _get_source_fast
    raise TemplateNotFound(template)
jinja2.exceptions.TemplateNotFound: ../templates/index.html
ERROR:main:Exception on / [GET]
Traceback (most recent call last):
  File "E:\anaconda3\envs\board\lib\site-packages\flask\app.py", line 1473, in wsgi_app
    response = self.full_dispatch_request()
  File "E:\anaconda3\envs\board\lib\site-packages\flask\app.py", line 882, in full_dispatch_request
    rv = self.handle_user_exception(e)
  File "E:\anaconda3\envs\board\lib\site-packages\flask\app.py", line 880, in full_dispatch_request
    rv = self.dispatch_request()
  File "E:\anaconda3\envs\board\lib\site-packages\flask\app.py", line 865, in dispatch_request
    return self.ensure_sync(self.view_functions[rule.endpoint])(**view_args)  # type: ignore[no-any-return]
  File "E:\ µ—È “œÓƒø\ µ—È “«∞∂À\¥¨\2_boat__up9001+6001 - µ—È “¥Û∆¡\boat900_600_screen_\main.py", line 34, in index
    return render_template('../templates/index.html')
  File "E:\anaconda3\envs\board\lib\site-packages\flask\templating.py", line 149, in render_template
    template = app.jinja_env.get_or_select_template(template_name_or_list)
  File "E:\anaconda3\envs\board\lib\site-packages\jinja2\environment.py", line 1087, in get_or_select_template
    return self.get_template(template_name_or_list, parent, globals)
  File "E:\anaconda3\envs\board\lib\site-packages\jinja2\environment.py", line 1016, in get_template
    return self._load_template(name, globals)
  File "E:\anaconda3\envs\board\lib\site-packages\jinja2\environment.py", line 975, in _load_template
    template = self.loader.load(self, name, self.make_globals(globals))
  File "E:\anaconda3\envs\board\lib\site-packages\jinja2\loaders.py", line 126, in load
    source, filename, uptodate = self.get_source(environment, name)
  File "E:\anaconda3\envs\board\lib\site-packages\flask\templating.py", line 65, in get_source
    return self._get_source_fast(environment, template)
  File "E:\anaconda3\envs\board\lib\site-packages\flask\templating.py", line 99, in _get_source_fast
    raise TemplateNotFound(template)
jinja2.exceptions.TemplateNotFound: ../templates/index.html
ERROR:main:Exception on / [GET]
Traceback (most recent call last):
  File "E:\anaconda3\envs\board\lib\site-packages\flask\app.py", line 1473, in wsgi_app
    response = self.full_dispatch_request()
  File "E:\anaconda3\envs\board\lib\site-packages\flask\app.py", line 882, in full_dispatch_request
    rv = self.handle_user_exception(e)
  File "E:\anaconda3\envs\board\lib\site-packages\flask\app.py", line 880, in full_dispatch_request
    rv = self.dispatch_request()
  File "E:\anaconda3\envs\board\lib\site-packages\flask\app.py", line 865, in dispatch_request
    return self.ensure_sync(self.view_functions[rule.endpoint])(**view_args)  # type: ignore[no-any-return]
  File "E:\ µ—È “œÓƒø\ µ—È “«∞∂À\¥¨\2_boat__up9001+6001 - µ—È “¥Û∆¡\boat900_600_screen_\main.py", line 34, in index
    return render_template('../index.html')
  File "E:\anaconda3\envs\board\lib\site-packages\flask\templating.py", line 149, in render_template
    template = app.jinja_env.get_or_select_template(template_name_or_list)
  File "E:\anaconda3\envs\board\lib\site-packages\jinja2\environment.py", line 1087, in get_or_select_template
    return self.get_template(template_name_or_list, parent, globals)
  File "E:\anaconda3\envs\board\lib\site-packages\jinja2\environment.py", line 1016, in get_template
    return self._load_template(name, globals)
  File "E:\anaconda3\envs\board\lib\site-packages\jinja2\environment.py", line 975, in _load_template
    template = self.loader.load(self, name, self.make_globals(globals))
  File "E:\anaconda3\envs\board\lib\site-packages\jinja2\loaders.py", line 126, in load
    source, filename, uptodate = self.get_source(environment, name)
  File "E:\anaconda3\envs\board\lib\site-packages\flask\templating.py", line 65, in get_source
    return self._get_source_fast(environment, template)
  File "E:\anaconda3\envs\board\lib\site-packages\flask\templating.py", line 99, in _get_source_fast
    raise TemplateNotFound(template)
jinja2.exceptions.TemplateNotFound: ../index.html
ERROR:main:Exception on / [GET]
Traceback (most recent call last):
  File "E:\anaconda3\envs\board\lib\site-packages\flask\app.py", line 1473, in wsgi_app
    response = self.full_dispatch_request()
  File "E:\anaconda3\envs\board\lib\site-packages\flask\app.py", line 882, in full_dispatch_request
    rv = self.handle_user_exception(e)
  File "E:\anaconda3\envs\board\lib\site-packages\flask\app.py", line 880, in full_dispatch_request
    rv = self.dispatch_request()
  File "E:\anaconda3\envs\board\lib\site-packages\flask\app.py", line 865, in dispatch_request
    return self.ensure_sync(self.view_functions[rule.endpoint])(**view_args)  # type: ignore[no-any-return]
  File "E:\ µ—È “œÓƒø\ µ—È “«∞∂À\¥¨\2_boat__up9001+6001 - µ—È “¥Û∆¡\boat900_600_screen_\main.py", line 34, in index
    return render_template('./templates/index.html')
  File "E:\anaconda3\envs\board\lib\site-packages\flask\templating.py", line 149, in render_template
    template = app.jinja_env.get_or_select_template(template_name_or_list)
  File "E:\anaconda3\envs\board\lib\site-packages\jinja2\environment.py", line 1087, in get_or_select_template
    return self.get_template(template_name_or_list, parent, globals)
  File "E:\anaconda3\envs\board\lib\site-packages\jinja2\environment.py", line 1016, in get_template
    return self._load_template(name, globals)
  File "E:\anaconda3\envs\board\lib\site-packages\jinja2\environment.py", line 975, in _load_template
    template = self.loader.load(self, name, self.make_globals(globals))
  File "E:\anaconda3\envs\board\lib\site-packages\jinja2\loaders.py", line 126, in load
    source, filename, uptodate = self.get_source(environment, name)
  File "E:\anaconda3\envs\board\lib\site-packages\flask\templating.py", line 65, in get_source
    return self._get_source_fast(environment, template)
  File "E:\anaconda3\envs\board\lib\site-packages\flask\templating.py", line 99, in _get_source_fast
    raise TemplateNotFound(template)
jinja2.exceptions.TemplateNotFound: ./templates/index.html
